<?xml version="1.0" encoding="UTF-8"?>
<!-- Generated by org.testng.reporters.JUnitXMLReporter -->
<testsuite hostname="Shivaleela-H-MacBook-Pro.local" name="UI functionality Testing - ChromeTest" tests="8" failures="0" timestamp="3 Jul 2014 07:34:14 GMT" time="12.041" errors="0">
  <testcase name="VerifyAllLinks" time="0.116" classname="Script.UIFunctionalityTesting"/>
  <testcase name="VerifyEtazoIcon" time="0.041" classname="Script.UIFunctionalityTesting"/>
  <testcase name="VerifyEtazoLogo" time="0.033" classname="Script.UIFunctionalityTesting"/>
  <testcase name="loginScenario1" time="2.344" classname="Script.UIFunctionalityTesting"/>
  <testcase name="loginScenario2" time="1.547" classname="Script.UIFunctionalityTesting"/>
  <testcase name="verifyMonitorLoginUI" time="0.734" classname="Script.UIFunctionalityTesting"/>
  <testcase name="verifyStudentLoginUI" time="0.935" classname="Script.UIFunctionalityTesting"/>
  <testcase name="verifyWritingLoginUI" time="1.067" classname="Script.UIFunctionalityTesting"/>
</testsuite> <!-- UI functionality Testing - ChromeTest -->
