<?xml version="1.0" encoding="UTF-8"?>
<!-- Generated by org.testng.reporters.JUnitXMLReporter -->
<testsuite hostname="Shivaleela-H-MacBook-Pro.local" name="UI functionality Testing - FirefoxBrowserTest" tests="8" failures="0" timestamp="10 Jul 2014 10:42:04 GMT" time="27.814" errors="0">
  <testcase name="VerifyAllLinks" time="0.156" classname="Script.UIFunctionalityTesting"/>
  <testcase name="VerifyEtazoIcon" time="0.019" classname="Script.UIFunctionalityTesting"/>
  <testcase name="VerifyEtazoLogo" time="0.021" classname="Script.UIFunctionalityTesting"/>
  <testcase name="loginScenario1" time="3.8" classname="Script.UIFunctionalityTesting"/>
  <testcase name="loginScenario2" time="3.705" classname="Script.UIFunctionalityTesting"/>
  <testcase name="verifyMonitorLoginUI" time="2.787" classname="Script.UIFunctionalityTesting"/>
  <testcase name="verifyStudentLoginUI" time="2.755" classname="Script.UIFunctionalityTesting"/>
  <testcase name="verifyWritingLoginUI" time="2.566" classname="Script.UIFunctionalityTesting"/>
</testsuite> <!-- UI functionality Testing - FirefoxBrowserTest -->
