<?xml version="1.0" encoding="UTF-8"?>
<!-- Generated by org.testng.reporters.JUnitXMLReporter -->
<testsuite hostname="Shivaleela-H-MacBook-Pro.local" name="UI functionality Testing - FirefoxTest" tests="8" failures="0" timestamp="3 Jul 2014 07:34:25 GMT" time="11.595" errors="0">
  <testcase name="VerifyAllLinks" time="0.106" classname="Script.UIFunctionalityTesting"/>
  <testcase name="VerifyEtazoIcon" time="0.023" classname="Script.UIFunctionalityTesting"/>
  <testcase name="VerifyEtazoLogo" time="0.032" classname="Script.UIFunctionalityTesting"/>
  <testcase name="loginScenario1" time="1.815" classname="Script.UIFunctionalityTesting"/>
  <testcase name="loginScenario2" time="1.877" classname="Script.UIFunctionalityTesting"/>
  <testcase name="verifyMonitorLoginUI" time="1.022" classname="Script.UIFunctionalityTesting"/>
  <testcase name="verifyStudentLoginUI" time="0.836" classname="Script.UIFunctionalityTesting"/>
  <testcase name="verifyWritingLoginUI" time="0.706" classname="Script.UIFunctionalityTesting"/>
</testsuite> <!-- UI functionality Testing - FirefoxTest -->
