<?xml version="1.0" encoding="UTF-8"?>
<!-- Generated by org.testng.reporters.JUnitXMLReporter -->
<testsuite hostname="Shivaleela-H-MacBook-Pro.local" name="UI functionality Testing - ChromeBrowserTest" tests="8" failures="0" timestamp="10 Jul 2014 10:41:37 GMT" time="23.327" errors="0">
  <testcase name="VerifyAllLinks" time="0.126" classname="Script.UIFunctionalityTesting"/>
  <testcase name="VerifyEtazoIcon" time="0.035" classname="Script.UIFunctionalityTesting"/>
  <testcase name="VerifyEtazoLogo" time="0.037" classname="Script.UIFunctionalityTesting"/>
  <testcase name="loginScenario1" time="3.644" classname="Script.UIFunctionalityTesting"/>
  <testcase name="loginScenario2" time="4.007" classname="Script.UIFunctionalityTesting"/>
  <testcase name="verifyMonitorLoginUI" time="2.771" classname="Script.UIFunctionalityTesting"/>
  <testcase name="verifyStudentLoginUI" time="2.542" classname="Script.UIFunctionalityTesting"/>
  <testcase name="verifyWritingLoginUI" time="2.684" classname="Script.UIFunctionalityTesting"/>
</testsuite> <!-- UI functionality Testing - ChromeBrowserTest -->
