<?xml version="1.0" encoding="UTF-8"?>
<!-- Generated by org.testng.reporters.JUnitXMLReporter -->
<testsuite hostname="Shivaleela-H-MacBook-Pro.local" name="UI functionality Testing" tests="8" failures="0" timestamp="2 Jul 2014 12:35:31 GMT" time="23.437" errors="0">
  <testcase name="VerifyAllLinks" time="0.141" classname="Script.UIFunctionalityTesting"/>
  <testcase name="VerifyEtazoIcon" time="0.022" classname="Script.UIFunctionalityTesting"/>
  <testcase name="VerifyEtazoLogo" time="0.024" classname="Script.UIFunctionalityTesting"/>
  <testcase name="loginScenario1" time="5.033" classname="Script.UIFunctionalityTesting"/>
  <testcase name="loginScenario2" time="1.614" classname="Script.UIFunctionalityTesting"/>
  <testcase name="verifyMonitorLoginUI" time="0.814" classname="Script.UIFunctionalityTesting"/>
  <testcase name="verifyStudentLoginUI" time="3.499" classname="Script.UIFunctionalityTesting"/>
  <testcase name="verifyWritingLoginUI" time="1.823" classname="Script.UIFunctionalityTesting"/>
</testsuite> <!-- UI functionality Testing -->
