<?xml version="1.0" encoding="UTF-8"?>
<!-- Generated by org.testng.reporters.JUnitXMLReporter -->
<testsuite hostname="Shivaleela-H-MacBook-Pro.local" name="UI functionality Testing - SafariBrowserTest" tests="8" failures="0" timestamp="10 Jul 2014 11:37:22 GMT" time="17.747" errors="0">
  <testcase name="VerifyAllLinks" time="0.181" classname="Script.UIFunctionalityTesting"/>
  <testcase name="VerifyEtazoIcon" time="0.03" classname="Script.UIFunctionalityTesting"/>
  <testcase name="VerifyEtazoLogo" time="0.029" classname="Script.UIFunctionalityTesting"/>
  <testcase name="loginScenario1" time="2.399" classname="Script.UIFunctionalityTesting"/>
  <testcase name="loginScenario2" time="2.21" classname="Script.UIFunctionalityTesting"/>
  <testcase name="verifyMonitorLoginUI" time="2.153" classname="Script.UIFunctionalityTesting"/>
  <testcase name="verifyStudentLoginUI" time="2.119" classname="Script.UIFunctionalityTesting"/>
  <testcase name="verifyWritingLoginUI" time="2.158" classname="Script.UIFunctionalityTesting"/>
</testsuite> <!-- UI functionality Testing - SafariBrowserTest -->
