<?xml version="1.0" encoding="UTF-8"?>
<!-- Generated by org.testng.reporters.JUnitXMLReporter -->
<testsuite hostname="Shivaleela-H-MacBook-Pro.local" name="Writing Link functionality And Administration - FirefoxBrowserTest" tests="1" failures="1" timestamp="9 Jul 2014 10:45:44 GMT" time="11.758" errors="0">
  <testcase name="getExcelData" time="1.797" classname="Script.Writing_Link">
    <failure type="org.openqa.selenium.NoSuchWindowException" message="Window not found. The browser window may have been closed.
Command duration or timeout: 7 milliseconds
Build info: version: &amp;apos;2.40.0&amp;apos;, revision: &amp;apos;fbe29a9&amp;apos;, time: &amp;apos;2014-02-19 20:55:11&amp;apos;
System info: host: &amp;apos;Shivaleela-H-MacBook-Pro.local&amp;apos;, ip: &amp;apos;192.168.0.20&amp;apos;, os.name: &amp;apos;Mac OS X&amp;apos;, os.arch: &amp;apos;x86_64&amp;apos;, os.version: &amp;apos;10.8.5&amp;apos;, java.version: &amp;apos;1.6.0_65&amp;apos;
Session ID: 3166cafe-6751-684c-90dd-da0b806dd980
Driver info: org.openqa.selenium.firefox.FirefoxDriver
Capabilities [{platform=MAC, acceptSslCerts=true, javascriptEnabled=true, browserName=firefox, rotatable=false, locationContextEnabled=true, version=30.0, cssSelectorsEnabled=true, databaseEnabled=true, handlesAlerts=true, browserConnectionEnabled=true, nativeEvents=false, webStorageEnabled=true, applicationCacheEnabled=true, takesScreenshot=true}]">
      <![CDATA[org.openqa.selenium.NoSuchWindowException: Window not found. The browser window may have been closed.
Command duration or timeout: 7 milliseconds
Build info: version: '2.40.0', revision: 'fbe29a9', time: '2014-02-19 20:55:11'
System info: host: 'Shivaleela-H-MacBook-Pro.local', ip: '192.168.0.20', os.name: 'Mac OS X', os.arch: 'x86_64', os.version: '10.8.5', java.version: '1.6.0_65'
Session ID: 3166cafe-6751-684c-90dd-da0b806dd980
Driver info: org.openqa.selenium.firefox.FirefoxDriver
Capabilities [{platform=MAC, acceptSslCerts=true, javascriptEnabled=true, browserName=firefox, rotatable=false, locationContextEnabled=true, version=30.0, cssSelectorsEnabled=true, databaseEnabled=true, handlesAlerts=true, browserConnectionEnabled=true, nativeEvents=false, webStorageEnabled=true, applicationCacheEnabled=true, takesScreenshot=true}]
	at org.openqa.selenium.remote.ErrorHandler.createThrowable(ErrorHandler.java:193)
	at org.openqa.selenium.remote.ErrorHandler.throwIfResponseFailed(ErrorHandler.java:145)
	at org.openqa.selenium.remote.RemoteWebDriver.execute(RemoteWebDriver.java:573)
	at org.openqa.selenium.remote.RemoteWebDriver.execute(RemoteWebDriver.java:588)
	at org.openqa.selenium.remote.RemoteWebDriver.getTitle(RemoteWebDriver.java:287)
	at Script.Writing_Link.administration(Writing_Link.java:176)
	at Script.Writing_Link.getExcelData(Writing_Link.java:79)
Caused by: org.openqa.selenium.remote.ErrorHandler$UnknownServerException: Window not found. The browser window may have been closed.
Build info: version: '2.40.0', revision: 'fbe29a9', time: '2014-02-19 20:55:11'
System info: host: 'Shivaleela-H-MacBook-Pro.local', ip: '192.168.0.20', os.name: 'Mac OS X', os.arch: 'x86_64', os.version: '10.8.5', java.version: '1.6.0_65'
Driver info: driver.version: unknown
	at <anonymous class>.nsCommandProcessor.prototype.execute(file:///var/folders/2r/n6zd9xmj21l95nhjbqhf14q80000gn/T/anonymous8992746237215220507webdriver-profile/extensions/fxdriver@googlecode.com/components/command_processor.js:10949:11)
	at <anonymous class>.Dispatcher.executeAs/<(file:///var/folders/2r/n6zd9xmj21l95nhjbqhf14q80000gn/T/anonymous8992746237215220507webdriver-profile/extensions/fxdriver@googlecode.com/components/driver_component.js:7717:5)
	at <anonymous class>.Resource.prototype.handle(file:///var/folders/2r/n6zd9xmj21l95nhjbqhf14q80000gn/T/anonymous8992746237215220507webdriver-profile/extensions/fxdriver@googlecode.com/components/driver_component.js:7863:3)
	at <anonymous class>.Dispatcher.prototype.dispatch(file:///var/folders/2r/n6zd9xmj21l95nhjbqhf14q80000gn/T/anonymous8992746237215220507webdriver-profile/extensions/fxdriver@googlecode.com/components/driver_component.js:7810:9)
	at <anonymous class>.WebDriverServer/<.handle(file:///var/folders/2r/n6zd9xmj21l95nhjbqhf14q80000gn/T/anonymous8992746237215220507webdriver-profile/extensions/fxdriver@googlecode.com/components/driver_component.js:10733:5)
	at <anonymous class>.createHandlerFunc/<(file:///var/folders/2r/n6zd9xmj21l95nhjbqhf14q80000gn/T/anonymous8992746237215220507webdriver-profile/extensions/fxdriver@googlecode.com/components/httpd.js:1935:41)
	at <anonymous class>.ServerHandler.prototype.handleResponse(file:///var/folders/2r/n6zd9xmj21l95nhjbqhf14q80000gn/T/anonymous8992746237215220507webdriver-profile/extensions/fxdriver@googlecode.com/components/httpd.js:2261:15)
	at <anonymous class>.Connection.prototype.process(file:///var/folders/2r/n6zd9xmj21l95nhjbqhf14q80000gn/T/anonymous8992746237215220507webdriver-profile/extensions/fxdriver@googlecode.com/components/httpd.js:1168:5)
	at <anonymous class>.RequestReader.prototype._handleResponse(file:///var/folders/2r/n6zd9xmj21l95nhjbqhf14q80000gn/T/anonymous8992746237215220507webdriver-profile/extensions/fxdriver@googlecode.com/components/httpd.js:1616:5)
	at <anonymous class>.RequestReader.prototype._processBody(file:///var/folders/2r/n6zd9xmj21l95nhjbqhf14q80000gn/T/anonymous8992746237215220507webdriver-profile/extensions/fxdriver@googlecode.com/components/httpd.js:1464:9)
	at <anonymous class>.RequestReader.prototype.onInputStreamReady(file:///var/folders/2r/n6zd9xmj21l95nhjbqhf14q80000gn/T/anonymous8992746237215220507webdriver-profile/extensions/fxdriver@googlecode.com/components/httpd.js:1333:9)
... Removed 28 stack frames]]>
    </failure>
  </testcase> <!-- getExcelData -->
</testsuite> <!-- Writing Link functionality And Administration - FirefoxBrowserTest -->
