<?xml version="1.0" encoding="UTF-8"?>
<!-- Generated by org.testng.reporters.JUnitXMLReporter -->
<testsuite hostname="Shivaleela-H-MacBook-Pro.local" name="IETest" tests="1" failures="0" timestamp="1 Jul 2014 06:57:23 GMT" time="0.211" errors="0">
  <testcase name="@BeforeClass beforeTest" time="0.0" classname="Script.MultiBrowserTest">
    <failure type="java.lang.IllegalStateException" message="The path to the driver executable must be set by the webdriver.ie.driver system property; for more information, see http://code.google.com/p/selenium/wiki/InternetExplorerDriver. The latest version can be downloaded from http://code.google.com/p/selenium/downloads/list">
      <![CDATA[java.lang.IllegalStateException: The path to the driver executable must be set by the webdriver.ie.driver system property; for more information, see http://code.google.com/p/selenium/wiki/InternetExplorerDriver. The latest version can be downloaded from http://code.google.com/p/selenium/downloads/list
	at com.google.common.base.Preconditions.checkState(Preconditions.java:177)
	at org.openqa.selenium.remote.service.DriverService.findExecutable(DriverService.java:105)
	at org.openqa.selenium.ie.InternetExplorerDriverService.access$1(InternetExplorerDriverService.java:1)
	at org.openqa.selenium.ie.InternetExplorerDriverService$Builder.build(InternetExplorerDriverService.java:230)
	at org.openqa.selenium.ie.InternetExplorerDriver.setupService(InternetExplorerDriver.java:262)
	at org.openqa.selenium.ie.InternetExplorerDriver.<init>(InternetExplorerDriver.java:181)
	at org.openqa.selenium.ie.InternetExplorerDriver.<init>(InternetExplorerDriver.java:154)
	at Script.MultiBrowserTest.beforeTest(MultiBrowserTest.java:26)
... Removed 24 stack frames]]>
    </failure>
  </testcase> <!-- @BeforeClass beforeTest -->
  <testcase name="@AfterClass afterTest" time="0.0" classname="Script.MultiBrowserTest">
    <skipped/>
  </testcase> <!-- @AfterClass afterTest -->
  <testcase name="login" time="0.0040" classname="Script.MultiBrowserTest">
    <skipped/>
  </testcase> <!-- login -->
</testsuite> <!-- IETest -->
